Arguments: 
  C:\Program Files\nodejs\node.exe C:\Program Files\nodejs\node_modules\yarn\bin\yarn.js add --dev @nomiclabs/hardhat-ethers@npm:hardhat-deploy-ethers@0.3.0-beta.13

PATH: 
  C:\Windows\system32;C:\Windows;C:\Windows\System32\Wbem;C:\Windows\System32\WindowsPowerShell\v1.0\;C:\Windows\System32\OpenSSH\;C:\Program Files (x86)\NVIDIA Corporation\PhysX\Common;C:\Program Files\NVIDIA Corporation\NVIDIA NvDLISR;C:\MinGW\bin;C:\Users\jordy\AppData\Local\Programs\Python\Python310;C:\Users\jordy\AppData\Local\Programs\Python\Python310\Scripts;C:\Program Files\Git\cmd;C:\Users\jordy\AppData\Roaming\nvm;C:\Program Files\nodejs;C:\Program Files\Go\bin;C:\Users\jordy\AppData\Local\Programs\Python\Python310\Scripts\;C:\Users\jordy\AppData\Local\Programs\Python\Python310\;C:\Users\jordy\AppData\Local\Programs\Python\Python311\Scripts\;C:\Users\jordy\AppData\Local\Programs\Python\Python311\;C:\Users\jordy\AppData\Local\Microsoft\WindowsApps;C:\Users\jordy\AppData\Local\Programs\Microsoft VS Code\bin;C:\Users\jordy\AppData\Roaming\npm;C:\Users\jordy\AppData\Roaming\nvm;C:\Program Files\nodejs;C:\Users\jordy\AppData\Local\JetBrains\Toolbox\scripts;C:\Users\jordy\go\bin

Yarn version: 
  1.22.19

Node version: 
  16.19.1

Platform: 
  win32 x64

Trace: 
  Error: EPERM: operation not permitted, unlink 'C:\Users\jordy\OneDrive\Desktop\degen-gaming-token\node_modules\@nomicfoundation\solidity-analyzer-win32-x64-msvc\solidity-analyzer.win32-x64-msvc.node'

npm manifest: 
  {
    "name": "degen-gaming-token",
    "version": "1.0.0",
    "description": "",
    "main": "index.js",
    "scripts": {
      "test": "echo \"Error: no test specified\" && exit 1"
    },
    "keywords": [],
    "author": "",
    "license": "ISC",
    "devDependencies": {
      "@nomicfoundation/hardhat-toolbox": "^3.0.0",
      "hardhat": "^2.17.0"
    },
    "dependencies": {
      "@openzeppelin/contracts": "^4.9.2",
      "dotenv": "^16.3.1",
      "ethers": "^6.6.4"
    }
  }

yarn manifest: 
  No manifest

Lockfile: 
  No lockfile
